<?xml version="1.0" encoding="UTF-8"?>
<robot generator="Robot 6.1 (Python 3.11.5 on win32)" generated="20230912 14:26:51.623" rpa="false" schemaversion="4">
<suite id="s1" name="Test" source="C:\Users\levente.mikolai\PycharmProjects\robotframework-demo\test.robot">
<test id="s1-t1" name="Listakeresés" line="58">
<kw name="Listakeres">
<arg>noveber</arg>
<arg>${honapok_list}</arg>
<kw name="Set Variable" library="BuiltIn">
<var>${flag}</var>
<arg>0</arg>
<doc>Returns the given values which can then be assigned to a variables.</doc>
<msg timestamp="20230912 14:26:51.653" level="INFO">${flag} = 0</msg>
<status status="PASS" starttime="20230912 14:26:51.652" endtime="20230912 14:26:51.654"/>
</kw>
<for flavor="IN">
<var>${element}</var>
<value>@{lista}</value>
<iter>
<var name="${element}">januar</var>
<if>
<branch type="IF" condition="$lista_elem == $element">
<kw name="Set Variable" library="BuiltIn">
<var>${flag}</var>
<arg>${${flag}+1}</arg>
<doc>Returns the given values which can then be assigned to a variables.</doc>
<status status="NOT RUN" starttime="20230912 14:26:51.658" endtime="20230912 14:26:51.658"/>
</kw>
<status status="NOT RUN" starttime="20230912 14:26:51.655" endtime="20230912 14:26:51.658"/>
</branch>
<status status="PASS" starttime="20230912 14:26:51.655" endtime="20230912 14:26:51.658"/>
</if>
<status status="PASS" starttime="20230912 14:26:51.655" endtime="20230912 14:26:51.658"/>
</iter>
<iter>
<var name="${element}">februar</var>
<if>
<branch type="IF" condition="$lista_elem == $element">
<kw name="Set Variable" library="BuiltIn">
<var>${flag}</var>
<arg>${${flag}+1}</arg>
<doc>Returns the given values which can then be assigned to a variables.</doc>
<status status="NOT RUN" starttime="20230912 14:26:51.659" endtime="20230912 14:26:51.659"/>
</kw>
<status status="NOT RUN" starttime="20230912 14:26:51.658" endtime="20230912 14:26:51.659"/>
</branch>
<status status="PASS" starttime="20230912 14:26:51.658" endtime="20230912 14:26:51.659"/>
</if>
<status status="PASS" starttime="20230912 14:26:51.658" endtime="20230912 14:26:51.659"/>
</iter>
<iter>
<var name="${element}">marcius</var>
<if>
<branch type="IF" condition="$lista_elem == $element">
<kw name="Set Variable" library="BuiltIn">
<var>${flag}</var>
<arg>${${flag}+1}</arg>
<doc>Returns the given values which can then be assigned to a variables.</doc>
<status status="NOT RUN" starttime="20230912 14:26:51.660" endtime="20230912 14:26:51.660"/>
</kw>
<status status="NOT RUN" starttime="20230912 14:26:51.660" endtime="20230912 14:26:51.660"/>
</branch>
<status status="PASS" starttime="20230912 14:26:51.660" endtime="20230912 14:26:51.660"/>
</if>
<status status="PASS" starttime="20230912 14:26:51.659" endtime="20230912 14:26:51.660"/>
</iter>
<iter>
<var name="${element}">aprilis</var>
<if>
<branch type="IF" condition="$lista_elem == $element">
<kw name="Set Variable" library="BuiltIn">
<var>${flag}</var>
<arg>${${flag}+1}</arg>
<doc>Returns the given values which can then be assigned to a variables.</doc>
<status status="NOT RUN" starttime="20230912 14:26:51.661" endtime="20230912 14:26:51.661"/>
</kw>
<status status="NOT RUN" starttime="20230912 14:26:51.660" endtime="20230912 14:26:51.661"/>
</branch>
<status status="PASS" starttime="20230912 14:26:51.660" endtime="20230912 14:26:51.661"/>
</if>
<status status="PASS" starttime="20230912 14:26:51.660" endtime="20230912 14:26:51.661"/>
</iter>
<iter>
<var name="${element}">majus</var>
<if>
<branch type="IF" condition="$lista_elem == $element">
<kw name="Set Variable" library="BuiltIn">
<var>${flag}</var>
<arg>${${flag}+1}</arg>
<doc>Returns the given values which can then be assigned to a variables.</doc>
<status status="NOT RUN" starttime="20230912 14:26:51.662" endtime="20230912 14:26:51.662"/>
</kw>
<status status="NOT RUN" starttime="20230912 14:26:51.661" endtime="20230912 14:26:51.662"/>
</branch>
<status status="PASS" starttime="20230912 14:26:51.661" endtime="20230912 14:26:51.662"/>
</if>
<status status="PASS" starttime="20230912 14:26:51.661" endtime="20230912 14:26:51.662"/>
</iter>
<iter>
<var name="${element}">junius</var>
<if>
<branch type="IF" condition="$lista_elem == $element">
<kw name="Set Variable" library="BuiltIn">
<var>${flag}</var>
<arg>${${flag}+1}</arg>
<doc>Returns the given values which can then be assigned to a variables.</doc>
<status status="NOT RUN" starttime="20230912 14:26:51.663" endtime="20230912 14:26:51.663"/>
</kw>
<status status="NOT RUN" starttime="20230912 14:26:51.663" endtime="20230912 14:26:51.663"/>
</branch>
<status status="PASS" starttime="20230912 14:26:51.663" endtime="20230912 14:26:51.663"/>
</if>
<status status="PASS" starttime="20230912 14:26:51.662" endtime="20230912 14:26:51.663"/>
</iter>
<iter>
<var name="${element}">julius</var>
<if>
<branch type="IF" condition="$lista_elem == $element">
<kw name="Set Variable" library="BuiltIn">
<var>${flag}</var>
<arg>${${flag}+1}</arg>
<doc>Returns the given values which can then be assigned to a variables.</doc>
<status status="NOT RUN" starttime="20230912 14:26:51.664" endtime="20230912 14:26:51.664"/>
</kw>
<status status="NOT RUN" starttime="20230912 14:26:51.663" endtime="20230912 14:26:51.664"/>
</branch>
<status status="PASS" starttime="20230912 14:26:51.663" endtime="20230912 14:26:51.664"/>
</if>
<status status="PASS" starttime="20230912 14:26:51.663" endtime="20230912 14:26:51.664"/>
</iter>
<iter>
<var name="${element}">augusztus</var>
<if>
<branch type="IF" condition="$lista_elem == $element">
<kw name="Set Variable" library="BuiltIn">
<var>${flag}</var>
<arg>${${flag}+1}</arg>
<doc>Returns the given values which can then be assigned to a variables.</doc>
<status status="NOT RUN" starttime="20230912 14:26:51.664" endtime="20230912 14:26:51.664"/>
</kw>
<status status="NOT RUN" starttime="20230912 14:26:51.664" endtime="20230912 14:26:51.664"/>
</branch>
<status status="PASS" starttime="20230912 14:26:51.664" endtime="20230912 14:26:51.665"/>
</if>
<status status="PASS" starttime="20230912 14:26:51.664" endtime="20230912 14:26:51.665"/>
</iter>
<iter>
<var name="${element}">szeptember</var>
<if>
<branch type="IF" condition="$lista_elem == $element">
<kw name="Set Variable" library="BuiltIn">
<var>${flag}</var>
<arg>${${flag}+1}</arg>
<doc>Returns the given values which can then be assigned to a variables.</doc>
<status status="NOT RUN" starttime="20230912 14:26:51.665" endtime="20230912 14:26:51.665"/>
</kw>
<status status="NOT RUN" starttime="20230912 14:26:51.665" endtime="20230912 14:26:51.665"/>
</branch>
<status status="PASS" starttime="20230912 14:26:51.665" endtime="20230912 14:26:51.666"/>
</if>
<status status="PASS" starttime="20230912 14:26:51.665" endtime="20230912 14:26:51.666"/>
</iter>
<iter>
<var name="${element}">oktober</var>
<if>
<branch type="IF" condition="$lista_elem == $element">
<kw name="Set Variable" library="BuiltIn">
<var>${flag}</var>
<arg>${${flag}+1}</arg>
<doc>Returns the given values which can then be assigned to a variables.</doc>
<status status="NOT RUN" starttime="20230912 14:26:51.666" endtime="20230912 14:26:51.666"/>
</kw>
<status status="NOT RUN" starttime="20230912 14:26:51.666" endtime="20230912 14:26:51.666"/>
</branch>
<status status="PASS" starttime="20230912 14:26:51.666" endtime="20230912 14:26:51.666"/>
</if>
<status status="PASS" starttime="20230912 14:26:51.666" endtime="20230912 14:26:51.666"/>
</iter>
<iter>
<var name="${element}">november</var>
<if>
<branch type="IF" condition="$lista_elem == $element">
<kw name="Set Variable" library="BuiltIn">
<var>${flag}</var>
<arg>${${flag}+1}</arg>
<doc>Returns the given values which can then be assigned to a variables.</doc>
<status status="NOT RUN" starttime="20230912 14:26:51.667" endtime="20230912 14:26:51.667"/>
</kw>
<status status="NOT RUN" starttime="20230912 14:26:51.667" endtime="20230912 14:26:51.667"/>
</branch>
<status status="PASS" starttime="20230912 14:26:51.667" endtime="20230912 14:26:51.667"/>
</if>
<status status="PASS" starttime="20230912 14:26:51.666" endtime="20230912 14:26:51.667"/>
</iter>
<iter>
<var name="${element}">december</var>
<if>
<branch type="IF" condition="$lista_elem == $element">
<kw name="Set Variable" library="BuiltIn">
<var>${flag}</var>
<arg>${${flag}+1}</arg>
<doc>Returns the given values which can then be assigned to a variables.</doc>
<status status="NOT RUN" starttime="20230912 14:26:51.668" endtime="20230912 14:26:51.668"/>
</kw>
<status status="NOT RUN" starttime="20230912 14:26:51.667" endtime="20230912 14:26:51.668"/>
</branch>
<status status="PASS" starttime="20230912 14:26:51.667" endtime="20230912 14:26:51.668"/>
</if>
<status status="PASS" starttime="20230912 14:26:51.667" endtime="20230912 14:26:51.668"/>
</iter>
<status status="PASS" starttime="20230912 14:26:51.654" endtime="20230912 14:26:51.668"/>
</for>
<if>
<branch type="IF" condition="${flag} &gt;= 1">
<kw name="Log To Console" library="BuiltIn">
<arg>IGAZ: A listában VAN ilyen elem.</arg>
<doc>Logs the given message to the console.</doc>
<status status="NOT RUN" starttime="20230912 14:26:51.668" endtime="20230912 14:26:51.668"/>
</kw>
<status status="NOT RUN" starttime="20230912 14:26:51.668" endtime="20230912 14:26:51.669"/>
</branch>
<branch type="ELSE">
<kw name="Log To Console" library="BuiltIn">
<arg>HAMIS: A listában NINCS ilyen elem.</arg>
<doc>Logs the given message to the console.</doc>
<status status="PASS" starttime="20230912 14:26:51.669" endtime="20230912 14:26:51.669"/>
</kw>
<status status="PASS" starttime="20230912 14:26:51.669" endtime="20230912 14:26:51.669"/>
</branch>
<status status="PASS" starttime="20230912 14:26:51.668" endtime="20230912 14:26:51.669"/>
</if>
<status status="PASS" starttime="20230912 14:26:51.652" endtime="20230912 14:26:51.669"/>
</kw>
<status status="PASS" starttime="20230912 14:26:51.652" endtime="20230912 14:26:51.669"/>
</test>
<status status="PASS" starttime="20230912 14:26:51.625" endtime="20230912 14:26:51.670"/>
</suite>
<statistics>
<total>
<stat pass="1" fail="0" skip="0">All Tests</stat>
</total>
<tag>
</tag>
<suite>
<stat pass="1" fail="0" skip="0" id="s1" name="Test">Test</stat>
</suite>
</statistics>
<errors>
</errors>
</robot>
